[debug] [2025-02-18T01:45:28.345Z] ----------------------------------------------------------------------
[debug] [2025-02-18T01:45:28.348Z] Command:       C:\Program Files\nodejs\node.exe C:\Users\jorda\AppData\Roaming\npm\node_modules\firebase-tools\lib\bin\firebase.js init
[debug] [2025-02-18T01:45:28.348Z] CLI Version:   13.31.1
[debug] [2025-02-18T01:45:28.349Z] Platform:      win32
[debug] [2025-02-18T01:45:28.349Z] Node Version:  v22.12.0
[debug] [2025-02-18T01:45:28.349Z] Time:          Mon Feb 17 2025 19:45:28 GMT-0600 (hora estándar central)
[debug] [2025-02-18T01:45:28.349Z] ----------------------------------------------------------------------
[debug] 
[debug] [2025-02-18T01:45:28.354Z] >>> [apiv2][query] GET https://firebase-public.firebaseio.com/cli.json [none]
[debug] [2025-02-18T01:45:28.425Z] > command requires scopes: ["email","openid","https://www.googleapis.com/auth/cloudplatformprojects.readonly","https://www.googleapis.com/auth/firebase","https://www.googleapis.com/auth/cloud-platform"]
[debug] [2025-02-18T01:45:28.426Z] > authorizing via signed-in user (jordanlaguna10@gmail.com)
[info] 
     ######## #### ########  ######## ########     ###     ######  ########
     ##        ##  ##     ## ##       ##     ##  ##   ##  ##       ##
     ######    ##  ########  ######   ########  #########  ######  ######
     ##        ##  ##    ##  ##       ##     ## ##     ##       ## ##
     ##       #### ##     ## ######## ########  ##     ##  ######  ########

You're about to initialize a Firebase project in this directory:

  C:\Users\jorda\documents\appsweb\hotel

[debug] [2025-02-18T01:45:28.718Z] <<< [apiv2][status] GET https://firebase-public.firebaseio.com/cli.json 200
[debug] [2025-02-18T01:45:28.719Z] <<< [apiv2][body] GET https://firebase-public.firebaseio.com/cli.json {"cloudBuildErrorAfter":1594252800000,"cloudBuildWarnAfter":1590019200000,"defaultNode10After":1594252800000,"minVersion":"3.0.5","node8DeploysDisabledAfter":1613390400000,"node8RuntimeDisabledAfter":1615809600000,"node8WarnAfter":1600128000000}
[info] 
=== Project Setup
[info] 
[info] First, let's associate this project directory with a Firebase project.
[info] You can create multiple project aliases by running firebase use --add, 
[info] but for now we'll just set up a default project.
[info] 
[debug] [2025-02-18T01:46:09.963Z] Checked if tokens are valid: false, expires at: 1736713325243
[debug] [2025-02-18T01:46:09.964Z] Checked if tokens are valid: false, expires at: 1736713325243
[debug] [2025-02-18T01:46:09.964Z] > refreshing access token with scopes: []
[debug] [2025-02-18T01:46:09.965Z] >>> [apiv2][query] POST https://www.googleapis.com/oauth2/v3/token [none]
[debug] [2025-02-18T01:46:09.966Z] >>> [apiv2][body] POST https://www.googleapis.com/oauth2/v3/token [omitted]
[debug] [2025-02-18T01:46:10.225Z] <<< [apiv2][status] POST https://www.googleapis.com/oauth2/v3/token 200
[debug] [2025-02-18T01:46:10.226Z] <<< [apiv2][body] POST https://www.googleapis.com/oauth2/v3/token [omitted]
[debug] [2025-02-18T01:46:10.255Z] >>> [apiv2][query] GET https://firebase.googleapis.com/v1beta1/projects pageSize=100
[debug] [2025-02-18T01:46:10.813Z] <<< [apiv2][status] GET https://firebase.googleapis.com/v1beta1/projects 200
[debug] [2025-02-18T01:46:10.813Z] <<< [apiv2][body] GET https://firebase.googleapis.com/v1beta1/projects [omitted]
[info] i  Using project hotel-11cac (Hotel) 
[info] 
=== Hosting Setup
[debug] [2025-02-18T01:46:18.817Z] Checked if tokens are valid: true, expires at: 1739846769226
[debug] [2025-02-18T01:46:18.817Z] Checked if tokens are valid: true, expires at: 1739846769226
[debug] [2025-02-18T01:46:18.817Z] >>> [apiv2][query] GET https://firebase.googleapis.com/v1beta1/projects/hotel-11cac [none]
[debug] [2025-02-18T01:46:19.316Z] <<< [apiv2][status] GET https://firebase.googleapis.com/v1beta1/projects/hotel-11cac 200
[debug] [2025-02-18T01:46:19.316Z] <<< [apiv2][body] GET https://firebase.googleapis.com/v1beta1/projects/hotel-11cac {"projectId":"hotel-11cac","projectNumber":"445012275277","displayName":"Hotel","name":"projects/hotel-11cac","resources":{"hostingSite":"hotel-11cac"},"state":"ACTIVE","etag":"1_b5729beb-c525-4e07-a940-0452993fd613"}
[info] 
[info] Your public directory is the folder (relative to your project directory) that
[info] will contain Hosting assets to be uploaded with firebase deploy. If you
[info] have a build process for your assets, use your build's output directory.
[info] 
